Feb 18 2024 08:09:35
{"type":8192,"message":"Using ${var} in strings is deprecated, use {$var} instead","file":"C:\\xampp\\htdocs\\greenworldtrust\\wp-content\\plugins\\simply-static\\src\\class-ss-query.php","line":397}

Feb 18 2024 08:09:35
{"type":8192,"message":"Using ${var} in strings is deprecated, use {$var} instead","file":"C:\\xampp\\htdocs\\greenworldtrust\\wp-content\\plugins\\simply-static\\src\\class-ss-query.php","line":397}

Feb 18 2024 08:09:36
{"type":8192,"message":"Using ${var} in strings is deprecated, use {$var} instead","file":"C:\\xampp\\htdocs\\greenworldtrust\\wp-content\\plugins\\simply-static\\src\\class-ss-query.php","line":397}

Feb 18 2024 08:09:37
{"type":8192,"message":"Using ${var} in strings is deprecated, use {$var} instead","file":"C:\\xampp\\htdocs\\greenworldtrust\\wp-content\\plugins\\simply-static\\src\\class-ss-query.php","line":397}

Feb 18 2024 08:09:38
{"type":8192,"message":"Using ${var} in strings is deprecated, use {$var} instead","file":"C:\\xampp\\htdocs\\greenworldtrust\\wp-content\\plugins\\simply-static\\src\\class-ss-query.php","line":397}

Feb 18 2024 08:09:38
{"type":8192,"message":"Using ${var} in strings is deprecated, use {$var} instead","file":"C:\\xampp\\htdocs\\greenworldtrust\\wp-content\\plugins\\simply-static\\src\\class-ss-query.php","line":397}

Feb 18 2024 08:09:39
{"type":8192,"message":"Using ${var} in strings is deprecated, use {$var} instead","file":"C:\\xampp\\htdocs\\greenworldtrust\\wp-content\\plugins\\simply-static\\src\\class-ss-query.php","line":397}

Feb 18 2024 08:09:40
{"type":8192,"message":"Using ${var} in strings is deprecated, use {$var} instead","file":"C:\\xampp\\htdocs\\greenworldtrust\\wp-content\\plugins\\simply-static\\src\\class-ss-query.php","line":397}

Feb 18 2024 08:09:41
{"type":8192,"message":"Using ${var} in strings is deprecated, use {$var} instead","file":"C:\\xampp\\htdocs\\greenworldtrust\\wp-content\\plugins\\simply-static\\src\\class-ss-query.php","line":397}

Feb 18 2024 08:09:41
{"type":8192,"message":"Using ${var} in strings is deprecated, use {$var} instead","file":"C:\\xampp\\htdocs\\greenworldtrust\\wp-content\\plugins\\simply-static\\src\\class-ss-query.php","line":397}

Feb 18 2024 08:09:42
{"type":8192,"message":"Using ${var} in strings is deprecated, use {$var} instead","file":"C:\\xampp\\htdocs\\greenworldtrust\\wp-content\\plugins\\simply-static\\src\\class-ss-query.php","line":397}

Feb 18 2024 08:09:43
{"type":8192,"message":"Using ${var} in strings is deprecated, use {$var} instead","file":"C:\\xampp\\htdocs\\greenworldtrust\\wp-content\\plugins\\simply-static\\src\\class-ss-query.php","line":397}

Feb 18 2024 08:09:44
{"type":8192,"message":"Using ${var} in strings is deprecated, use {$var} instead","file":"C:\\xampp\\htdocs\\greenworldtrust\\wp-content\\plugins\\simply-static\\src\\class-ss-query.php","line":397}

Feb 18 2024 08:09:44
{"type":8192,"message":"Using ${var} in strings is deprecated, use {$var} instead","file":"C:\\xampp\\htdocs\\greenworldtrust\\wp-content\\plugins\\simply-static\\src\\class-ss-query.php","line":397}

Feb 18 2024 08:09:45
{"type":8192,"message":"Using ${var} in strings is deprecated, use {$var} instead","file":"C:\\xampp\\htdocs\\greenworldtrust\\wp-content\\plugins\\simply-static\\src\\class-ss-query.php","line":397}

Feb 18 2024 08:09:46
{"type":8192,"message":"Using ${var} in strings is deprecated, use {$var} instead","file":"C:\\xampp\\htdocs\\greenworldtrust\\wp-content\\plugins\\simply-static\\src\\class-ss-query.php","line":397}

Feb 18 2024 08:09:46
{"type":8192,"message":"Using ${var} in strings is deprecated, use {$var} instead","file":"C:\\xampp\\htdocs\\greenworldtrust\\wp-content\\plugins\\simply-static\\src\\class-ss-query.php","line":397}

Feb 18 2024 08:09:47
{"type":8192,"message":"Using ${var} in strings is deprecated, use {$var} instead","file":"C:\\xampp\\htdocs\\greenworldtrust\\wp-content\\plugins\\simply-static\\src\\class-ss-query.php","line":397}

Feb 18 2024 08:09:48
{"type":8192,"message":"Using ${var} in strings is deprecated, use {$var} instead","file":"C:\\xampp\\htdocs\\greenworldtrust\\wp-content\\plugins\\simply-static\\src\\class-ss-query.php","line":397}

Feb 18 2024 08:09:49
{"type":8192,"message":"Using ${var} in strings is deprecated, use {$var} instead","file":"C:\\xampp\\htdocs\\greenworldtrust\\wp-content\\plugins\\simply-static\\src\\class-ss-query.php","line":397}

Feb 18 2024 08:09:49
{"type":8192,"message":"Using ${var} in strings is deprecated, use {$var} instead","file":"C:\\xampp\\htdocs\\greenworldtrust\\wp-content\\plugins\\simply-static\\src\\class-ss-query.php","line":397}

Feb 18 2024 08:09:50
{"type":8192,"message":"Using ${var} in strings is deprecated, use {$var} instead","file":"C:\\xampp\\htdocs\\greenworldtrust\\wp-content\\plugins\\simply-static\\src\\class-ss-query.php","line":397}

Feb 18 2024 08:09:51
{"type":8192,"message":"Using ${var} in strings is deprecated, use {$var} instead","file":"C:\\xampp\\htdocs\\greenworldtrust\\wp-content\\plugins\\simply-static\\src\\class-ss-query.php","line":397}

Feb 18 2024 08:09:52
{"type":8192,"message":"Using ${var} in strings is deprecated, use {$var} instead","file":"C:\\xampp\\htdocs\\greenworldtrust\\wp-content\\plugins\\simply-static\\src\\class-ss-query.php","line":397}

Feb 18 2024 08:09:52
{"type":8192,"message":"Using ${var} in strings is deprecated, use {$var} instead","file":"C:\\xampp\\htdocs\\greenworldtrust\\wp-content\\plugins\\simply-static\\src\\class-ss-query.php","line":397}

Feb 18 2024 08:09:53
{"type":8192,"message":"Using ${var} in strings is deprecated, use {$var} instead","file":"C:\\xampp\\htdocs\\greenworldtrust\\wp-content\\plugins\\simply-static\\src\\class-ss-query.php","line":397}

Feb 18 2024 08:09:59
{"type":8192,"message":"Using ${var} in strings is deprecated, use {$var} instead","file":"C:\\xampp\\htdocs\\greenworldtrust\\wp-content\\plugins\\simply-static\\src\\class-ss-query.php","line":397}

Feb 18 2024 08:09:59
{"type":8192,"message":"Using ${var} in strings is deprecated, use {$var} instead","file":"C:\\xampp\\htdocs\\greenworldtrust\\wp-content\\plugins\\simply-static\\src\\class-ss-query.php","line":397}

Feb 18 2024 08:10:10
{"type":8192,"message":"Using ${var} in strings is deprecated, use {$var} instead","file":"C:\\xampp\\htdocs\\greenworldtrust\\wp-content\\plugins\\simply-static\\src\\class-ss-query.php","line":397}

Feb 18 2024 08:10:12
{"type":8192,"message":"Using ${var} in strings is deprecated, use {$var} instead","file":"C:\\xampp\\htdocs\\greenworldtrust\\wp-content\\plugins\\simply-static\\src\\class-ss-query.php","line":397}

Feb 18 2024 08:10:14
{"type":8192,"message":"Using ${var} in strings is deprecated, use {$var} instead","file":"C:\\xampp\\htdocs\\greenworldtrust\\wp-content\\plugins\\simply-static\\src\\class-ss-query.php","line":397}

Feb 18 2024 08:10:15
{"Number":8192,"Message":"Creation of dynamic property Ai1wm_Database_Mysqli::$old_replace_raw_values is deprecated","File":"C:\\xampp\\htdocs\\greenworldtrust\\wp-content\\plugins\\all-in-one-wp-migration\\lib\\vendor\\servmask\\database\\class-ai1wm-database.php","Line":300}

Feb 18 2024 08:10:15
{"Number":8192,"Message":"Creation of dynamic property Ai1wm_Database_Mysqli::$new_replace_raw_values is deprecated","File":"C:\\xampp\\htdocs\\greenworldtrust\\wp-content\\plugins\\all-in-one-wp-migration\\lib\\vendor\\servmask\\database\\class-ai1wm-database.php","Line":321}

Feb 18 2024 08:10:18
{"type":8192,"message":"Using ${var} in strings is deprecated, use {$var} instead","file":"C:\\xampp\\htdocs\\greenworldtrust\\wp-content\\plugins\\simply-static\\src\\class-ss-query.php","line":397}

Feb 18 2024 08:10:19
{"type":8192,"message":"Return type of Ai1wm_Recursive_Newline_Filter::accept() should either be compatible with FilterIterator::accept(): bool, or the #[\\ReturnTypeWillChange] attribute should be used to temporarily suppress the notice","file":"C:\\xampp\\htdocs\\greenworldtrust\\wp-content\\plugins\\all-in-one-wp-migration\\lib\\vendor\\servmask\\filter\\class-ai1wm-recursive-newline-filter.php","line":28}

Feb 18 2024 08:10:20
{"type":8192,"message":"strpos(): Passing null to parameter #1 ($haystack) of type string is deprecated","file":"C:\\xampp\\htdocs\\greenworldtrust\\wp-content\\plugins\\elementor-pro\\modules\\loop-builder\\module.php","line":200}

